<?xml version="1.0" encoding="UTF-8"?>
<coverage generated="1768460157951" clover="3.2.0">
  <project timestamp="1768460157951" name="All files">
    <metrics statements="14" coveredstatements="14" conditionals="8" coveredconditionals="8" methods="9" coveredmethods="9" elements="31" coveredelements="31" complexity="0" loc="14" ncloc="14" packages="1" files="1" classes="1"/>
    <file name="index.js" path="C:\Users\User\Desktop\my-unit-tests\src\index.js">
      <metrics statements="14" coveredstatements="14" conditionals="8" coveredconditionals="8" methods="9" coveredmethods="9"/>
      <line num="3" count="4" type="stmt"/>
      <line num="7" count="3" type="stmt"/>
      <line num="11" count="4" type="stmt"/>
      <line num="15" count="5" type="cond" truecount="2" falsecount="0"/>
      <line num="16" count="2" type="stmt"/>
      <line num="18" count="3" type="stmt"/>
      <line num="22" count="5" type="stmt"/>
      <line num="26" count="20" type="cond" truecount="2" falsecount="0"/>
      <line num="27" count="2" type="stmt"/>
      <line num="29" count="18" type="cond" truecount="4" falsecount="0"/>
      <line num="30" count="7" type="stmt"/>
      <line num="32" count="11" type="stmt"/>
      <line num="36" count="2" type="stmt"/>
      <line num="37" count="2" type="stmt"/>
    </file>
  </project>
</coverage>
