TN:
SF:src\index.js
FN:2,sum
FN:6,subtract
FN:10,multiply
FN:14,divide
FN:21,isEven
FN:25,factorial
FN:35,asyncSum
FN:36,(anonymous_7)
FN:37,(anonymous_8)
FNF:9
FNH:9
FNDA:4,sum
FNDA:3,subtract
FNDA:4,multiply
FNDA:5,divide
FNDA:5,isEven
FNDA:20,factorial
FNDA:2,asyncSum
FNDA:2,(anonymous_7)
FNDA:2,(anonymous_8)
DA:3,4
DA:7,3
DA:11,4
DA:15,5
DA:16,2
DA:18,3
DA:22,5
DA:26,20
DA:27,2
DA:29,18
DA:30,7
DA:32,11
DA:36,2
DA:37,2
LF:14
LH:14
BRDA:15,0,0,2
BRDA:15,0,1,3
BRDA:26,1,0,2
BRDA:26,1,1,18
BRDA:29,2,0,7
BRDA:29,2,1,11
BRDA:29,3,0,18
BRDA:29,3,1,16
BRF:8
BRH:8
end_of_record
